{"/home/duan/personalProjects/gambling-api/src/app.ts": {"path":"/home/duan/personalProjects/gambling-api/src/app.ts","statementMap":{"0":{"start":{"line":1,"column":0},"end":{"line":1,"column":43}},"1":{"start":{"line":2,"column":0},"end":{"line":2,"column":24}},"2":{"start":{"line":3,"column":0},"end":{"line":3,"column":60}},"3":{"start":{"line":4,"column":0},"end":{"line":4,"column":36}},"4":{"start":{"line":5,"column":0},"end":{"line":5,"column":77}},"5":{"start":{"line":7,"column":12},"end":{"line":7,"column":21}},"6":{"start":{"line":8,"column":0},"end":{"line":13,"column":32}},"7":{"start":{"line":16,"column":2},"end":{"line":16,"column":14}},"8":{"start":{"line":17,"column":2},"end":{"line":17,"column":30}},"9":{"start":{"line":15,"column":0},"end":{"line":15,"column":16}},"10":{"start":{"line":21,"column":2},"end":{"line":21,"column":23}},"11":{"start":{"line":20,"column":0},"end":{"line":20,"column":22}},"12":{"start":{"line":24,"column":0},"end":{"line":24,"column":19}}},"fnMap":{"0":{"name":"init","decl":{"start":{"line":15,"column":16},"end":{"line":15,"column":20}},"loc":{"start":{"line":15,"column":20},"end":{"line":18,"column":1}}},"1":{"name":"close","decl":{"start":{"line":20,"column":22},"end":{"line":20,"column":27}},"loc":{"start":{"line":20,"column":27},"end":{"line":22,"column":null}}}},"branchMap":{},"s":{"0":3,"1":3,"2":3,"3":3,"4":3,"5":3,"6":3,"7":3,"8":3,"9":3,"10":0,"11":3,"12":3},"f":{"0":3,"1":0},"b":{}}
,"/home/duan/personalProjects/gambling-api/src/server.ts": {"path":"/home/duan/personalProjects/gambling-api/src/server.ts","statementMap":{"0":{"start":{"line":1,"column":0},"end":{"line":1,"column":34}},"1":{"start":{"line":3,"column":13},"end":{"line":3,"column":38}},"2":{"start":{"line":5,"column":0},"end":{"line":9,"column":3}},"3":{"start":{"line":6,"column":2},"end":{"line":8,"column":5}},"4":{"start":{"line":7,"column":4},"end":{"line":7,"column":56}}},"fnMap":{"0":{"name":"(anonymous_6)","decl":{"start":{"line":5,"column":12},"end":{"line":5,"column":15}},"loc":{"start":{"line":5,"column":17},"end":{"line":9,"column":1}}},"1":{"name":"(anonymous_7)","decl":{"start":{"line":6,"column":19},"end":{"line":6,"column":22}},"loc":{"start":{"line":6,"column":24},"end":{"line":8,"column":3}}}},"branchMap":{"0":{"loc":{"start":{"line":3,"column":13},"end":{"line":3,"column":38}},"type":"binary-expr","locations":[{"start":{"line":3,"column":13},"end":{"line":3,"column":30}},{"start":{"line":3,"column":34},"end":{"line":3,"column":38}}]}},"s":{"0":0,"1":0,"2":0,"3":0,"4":0},"f":{"0":0,"1":0},"b":{"0":[0,0]}}
,"/home/duan/personalProjects/gambling-api/src/config/database.ts": {"path":"/home/duan/personalProjects/gambling-api/src/config/database.ts","statementMap":{"0":{"start":{"line":1,"column":0},"end":{"line":1,"column":46}},"1":{"start":{"line":5,"column":2},"end":{"line":5,"column":30}},"2":{"start":{"line":4,"column":0},"end":{"line":4,"column":16}},"3":{"start":{"line":9,"column":2},"end":{"line":9,"column":30}},"4":{"start":{"line":8,"column":0},"end":{"line":8,"column":22}}},"fnMap":{"0":{"name":"connectDb","decl":{"start":{"line":4,"column":16},"end":{"line":4,"column":25}},"loc":{"start":{"line":4,"column":25},"end":{"line":6,"column":1}}},"1":{"name":"disconnectDB","decl":{"start":{"line":8,"column":22},"end":{"line":8,"column":34}},"loc":{"start":{"line":8,"column":34},"end":{"line":10,"column":null}}}},"branchMap":{"0":{"loc":{"start":{"line":9,"column":8},"end":{"line":9,"column":29}},"type":"cond-expr","locations":[{"start":{"line":9,"column":14},"end":{"line":9,"column":16}},{"start":{"line":9,"column":8},"end":{"line":9,"column":29}}]},"1":{"loc":{"start":{"line":9,"column":8},"end":{"line":9,"column":16}},"type":"binary-expr","locations":[{"start":{"line":9,"column":8},"end":{"line":9,"column":16}},{"start":{"line":9,"column":8},"end":{"line":9,"column":16}}]}},"s":{"0":3,"1":3,"2":3,"3":0,"4":3},"f":{"0":3,"1":0},"b":{"0":[0,0],"1":[0,0]}}
,"/home/duan/personalProjects/gambling-api/src/controller/betsController.ts": {"path":"/home/duan/personalProjects/gambling-api/src/controller/betsController.ts","statementMap":{"0":{"start":{"line":2,"column":0},"end":{"line":2,"column":50}},"1":{"start":{"line":6,"column":2},"end":{"line":12,"column":3}},"2":{"start":{"line":7,"column":37},"end":{"line":7,"column":45}},"3":{"start":{"line":8,"column":19},"end":{"line":8,"column":53}},"4":{"start":{"line":9,"column":4},"end":{"line":9,"column":33}},"5":{"start":{"line":11,"column":4},"end":{"line":11,"column":16}},"6":{"start":{"line":15,"column":0},"end":{"line":17,"column":2}}},"fnMap":{"0":{"name":"createBet","decl":{"start":{"line":5,"column":15},"end":{"line":5,"column":24}},"loc":{"start":{"line":5,"column":72},"end":{"line":13,"column":null}}}},"branchMap":{},"s":{"0":3,"1":5,"2":5,"3":5,"4":1,"5":4,"6":3},"f":{"0":5},"b":{}}
,"/home/duan/personalProjects/gambling-api/src/controller/gamesController.ts": {"path":"/home/duan/personalProjects/gambling-api/src/controller/gamesController.ts","statementMap":{"0":{"start":{"line":2,"column":0},"end":{"line":2,"column":52}},"1":{"start":{"line":3,"column":0},"end":{"line":3,"column":50}},"2":{"start":{"line":7,"column":2},"end":{"line":12,"column":3}},"3":{"start":{"line":8,"column":18},"end":{"line":8,"column":50}},"4":{"start":{"line":9,"column":4},"end":{"line":9,"column":32}},"5":{"start":{"line":11,"column":4},"end":{"line":11,"column":16}},"6":{"start":{"line":16,"column":2},"end":{"line":23,"column":3}},"7":{"start":{"line":17,"column":4},"end":{"line":17,"column":64}},"8":{"start":{"line":17,"column":40},"end":{"line":17,"column":64}},"9":{"start":{"line":18,"column":23},"end":{"line":18,"column":46}},"10":{"start":{"line":19,"column":17},"end":{"line":19,"column":55}},"11":{"start":{"line":20,"column":4},"end":{"line":20,"column":31}},"12":{"start":{"line":22,"column":4},"end":{"line":22,"column":16}},"13":{"start":{"line":27,"column":2},"end":{"line":33,"column":3}},"14":{"start":{"line":28,"column":61},"end":{"line":28,"column":69}},"15":{"start":{"line":29,"column":20},"end":{"line":29,"column":75}},"16":{"start":{"line":30,"column":4},"end":{"line":30,"column":34}},"17":{"start":{"line":32,"column":4},"end":{"line":32,"column":16}},"18":{"start":{"line":37,"column":2},"end":{"line":49,"column":3}},"19":{"start":{"line":38,"column":4},"end":{"line":38,"column":64}},"20":{"start":{"line":38,"column":40},"end":{"line":38,"column":64}},"21":{"start":{"line":39,"column":23},"end":{"line":39,"column":46}},"22":{"start":{"line":40,"column":60},"end":{"line":40,"column":68}},"23":{"start":{"line":41,"column":25},"end":{"line":44,"column":null}},"24":{"start":{"line":46,"column":4},"end":{"line":46,"column":39}},"25":{"start":{"line":48,"column":4},"end":{"line":48,"column":16}},"26":{"start":{"line":52,"column":0},"end":{"line":57,"column":2}}},"fnMap":{"0":{"name":"getGames","decl":{"start":{"line":6,"column":15},"end":{"line":6,"column":23}},"loc":{"start":{"line":6,"column":71},"end":{"line":13,"column":null}}},"1":{"name":"getGameById","decl":{"start":{"line":15,"column":15},"end":{"line":15,"column":26}},"loc":{"start":{"line":15,"column":74},"end":{"line":24,"column":null}}},"2":{"name":"createGame","decl":{"start":{"line":26,"column":15},"end":{"line":26,"column":25}},"loc":{"start":{"line":26,"column":73},"end":{"line":34,"column":null}}},"3":{"name":"finishGame","decl":{"start":{"line":36,"column":15},"end":{"line":36,"column":25}},"loc":{"start":{"line":36,"column":73},"end":{"line":50,"column":null}}}},"branchMap":{"0":{"loc":{"start":{"line":17,"column":4},"end":{"line":17,"column":64}},"type":"if","locations":[{"start":{"line":17,"column":4},"end":{"line":17,"column":64}}]},"1":{"loc":{"start":{"line":38,"column":4},"end":{"line":38,"column":64}},"type":"if","locations":[{"start":{"line":38,"column":4},"end":{"line":38,"column":64}}]}},"s":{"0":3,"1":3,"2":2,"3":2,"4":2,"5":0,"6":3,"7":3,"8":1,"9":2,"10":2,"11":1,"12":2,"13":1,"14":1,"15":1,"16":1,"17":0,"18":4,"19":4,"20":1,"21":3,"22":3,"23":3,"24":1,"25":3,"26":3},"f":{"0":2,"1":3,"2":1,"3":4},"b":{"0":[1],"1":[1]}}
,"/home/duan/personalProjects/gambling-api/src/controller/participantsController.ts": {"path":"/home/duan/personalProjects/gambling-api/src/controller/participantsController.ts","statementMap":{"0":{"start":{"line":2,"column":0},"end":{"line":2,"column":66}},"1":{"start":{"line":10,"column":2},"end":{"line":15,"column":3}},"2":{"start":{"line":11,"column":25},"end":{"line":11,"column":71}},"3":{"start":{"line":12,"column":4},"end":{"line":12,"column":39}},"4":{"start":{"line":14,"column":4},"end":{"line":14,"column":16}},"5":{"start":{"line":23,"column":2},"end":{"line":32,"column":3}},"6":{"start":{"line":24,"column":55},"end":{"line":24,"column":63}},"7":{"start":{"line":25,"column":27},"end":{"line":27,"column":null}},"8":{"start":{"line":29,"column":4},"end":{"line":29,"column":41}},"9":{"start":{"line":31,"column":4},"end":{"line":31,"column":16}},"10":{"start":{"line":35,"column":0},"end":{"line":38,"column":2}}},"fnMap":{"0":{"name":"getParticipants","decl":{"start":{"line":5,"column":15},"end":{"line":5,"column":30}},"loc":{"start":{"line":8,"column":20},"end":{"line":16,"column":null}}},"1":{"name":"createParticipant","decl":{"start":{"line":18,"column":15},"end":{"line":18,"column":32}},"loc":{"start":{"line":21,"column":20},"end":{"line":33,"column":null}}}},"branchMap":{},"s":{"0":3,"1":2,"2":2,"3":2,"4":0,"5":1,"6":1,"7":1,"8":1,"9":0,"10":3},"f":{"0":2,"1":1},"b":{}}
,"/home/duan/personalProjects/gambling-api/src/errors/index.ts": {"path":"/home/duan/personalProjects/gambling-api/src/errors/index.ts","statementMap":{"0":{"start":{"line":2,"column":2},"end":{"line":5,"column":4}},"1":{"start":{"line":1,"column":0},"end":{"line":1,"column":16}},"2":{"start":{"line":9,"column":2},"end":{"line":12,"column":4}},"3":{"start":{"line":8,"column":0},"end":{"line":8,"column":16}},"4":{"start":{"line":16,"column":2},"end":{"line":19,"column":4}},"5":{"start":{"line":15,"column":0},"end":{"line":15,"column":16}},"6":{"start":{"line":23,"column":2},"end":{"line":26,"column":4}},"7":{"start":{"line":22,"column":0},"end":{"line":22,"column":16}},"8":{"start":{"line":30,"column":2},"end":{"line":33,"column":4}},"9":{"start":{"line":29,"column":0},"end":{"line":29,"column":16}},"10":{"start":{"line":37,"column":2},"end":{"line":40,"column":4}},"11":{"start":{"line":36,"column":0},"end":{"line":36,"column":16}}},"fnMap":{"0":{"name":"validationError","decl":{"start":{"line":1,"column":16},"end":{"line":1,"column":31}},"loc":{"start":{"line":1,"column":44},"end":{"line":6,"column":1}}},"1":{"name":"badRequestError","decl":{"start":{"line":8,"column":16},"end":{"line":8,"column":31}},"loc":{"start":{"line":8,"column":31},"end":{"line":13,"column":1}}},"2":{"name":"conflictError","decl":{"start":{"line":15,"column":16},"end":{"line":15,"column":29}},"loc":{"start":{"line":15,"column":29},"end":{"line":20,"column":1}}},"3":{"name":"notFoundError","decl":{"start":{"line":22,"column":16},"end":{"line":22,"column":29}},"loc":{"start":{"line":22,"column":29},"end":{"line":27,"column":1}}},"4":{"name":"amountBetError","decl":{"start":{"line":29,"column":16},"end":{"line":29,"column":30}},"loc":{"start":{"line":29,"column":30},"end":{"line":34,"column":1}}},"5":{"name":"invalidGameError","decl":{"start":{"line":36,"column":16},"end":{"line":36,"column":32}},"loc":{"start":{"line":36,"column":32},"end":{"line":41,"column":1}}}},"branchMap":{},"s":{"0":8,"1":3,"2":2,"3":3,"4":1,"5":3,"6":4,"7":3,"8":1,"9":3,"10":1,"11":3},"f":{"0":8,"1":2,"2":1,"3":4,"4":1,"5":1},"b":{}}
,"/home/duan/personalProjects/gambling-api/src/middleware/errorHandlingMiddleware.ts": {"path":"/home/duan/personalProjects/gambling-api/src/middleware/errorHandlingMiddleware.ts","statementMap":{"0":{"start":{"line":3,"column":51},"end":{"line":10,"column":2}},"1":{"start":{"line":13,"column":2},"end":{"line":13,"column":46}},"2":{"start":{"line":22,"column":17},"end":{"line":22,"column":52}},"3":{"start":{"line":23,"column":2},"end":{"line":23,"column":53}},"4":{"start":{"line":16,"column":0},"end":{"line":16,"column":16}}},"fnMap":{"0":{"name":"sendErrorResponse","decl":{"start":{"line":12,"column":9},"end":{"line":12,"column":26}},"loc":{"start":{"line":12,"column":73},"end":{"line":14,"column":1}}},"1":{"name":"handleApplicationErrors","decl":{"start":{"line":16,"column":16},"end":{"line":16,"column":39}},"loc":{"start":{"line":20,"column":20},"end":{"line":24,"column":1}}}},"branchMap":{"0":{"loc":{"start":{"line":22,"column":17},"end":{"line":22,"column":52}},"type":"binary-expr","locations":[{"start":{"line":22,"column":17},"end":{"line":22,"column":45}},{"start":{"line":22,"column":49},"end":{"line":22,"column":52}}]}},"s":{"0":3,"1":17,"2":17,"3":17,"4":3},"f":{"0":17,"1":17},"b":{"0":[17,0]}}
,"/home/duan/personalProjects/gambling-api/src/middleware/validateSchema.ts": {"path":"/home/duan/personalProjects/gambling-api/src/middleware/validateSchema.ts","statementMap":{"0":{"start":{"line":2,"column":0},"end":{"line":2,"column":50}},"1":{"start":{"line":6,"column":2},"end":{"line":14,"column":4}},"2":{"start":{"line":7,"column":22},"end":{"line":7,"column":70}},"3":{"start":{"line":9,"column":4},"end":{"line":13,"column":5}},"4":{"start":{"line":10,"column":6},"end":{"line":10,"column":43}},"5":{"start":{"line":12,"column":6},"end":{"line":12,"column":13}},"6":{"start":{"line":5,"column":0},"end":{"line":5,"column":16}}},"fnMap":{"0":{"name":"validateSchema","decl":{"start":{"line":5,"column":16},"end":{"line":5,"column":30}},"loc":{"start":{"line":5,"column":45},"end":{"line":15,"column":1}}},"1":{"name":"(anonymous_1)","decl":{"start":{"line":6,"column":9},"end":{"line":6,"column":10}},"loc":{"start":{"line":6,"column":61},"end":{"line":14,"column":3}}}},"branchMap":{"0":{"loc":{"start":{"line":9,"column":4},"end":{"line":13,"column":5}},"type":"if","locations":[{"start":{"line":9,"column":4},"end":{"line":13,"column":5}},{"start":{"line":11,"column":11},"end":{"line":13,"column":5}}]}},"s":{"0":3,"1":12,"2":19,"3":19,"4":8,"5":11,"6":3},"f":{"0":12,"1":19},"b":{"0":[8,11]}}
,"/home/duan/personalProjects/gambling-api/src/repository/betsRepository.ts": {"path":"/home/duan/personalProjects/gambling-api/src/repository/betsRepository.ts","statementMap":{"0":{"start":{"line":1,"column":0},"end":{"line":1,"column":44}},"1":{"start":{"line":3,"column":0},"end":{"line":3,"column":62}},"2":{"start":{"line":6,"column":2},"end":{"line":11,"column":5}},"3":{"start":{"line":15,"column":17},"end":{"line":36,"column":4}},"4":{"start":{"line":38,"column":2},"end":{"line":38,"column":16}},"5":{"start":{"line":42,"column":18},"end":{"line":46,"column":4}},"6":{"start":{"line":48,"column":2},"end":{"line":48,"column":17}},"7":{"start":{"line":52,"column":2},"end":{"line":59,"column":5}},"8":{"start":{"line":52,"column":46},"end":{"line":59,"column":4}},"9":{"start":{"line":53,"column":4},"end":{"line":56,"column":6}},"10":{"start":{"line":57,"column":19},"end":{"line":57,"column":40}},"11":{"start":{"line":58,"column":4},"end":{"line":58,"column":18}},"12":{"start":{"line":62,"column":0},"end":{"line":62,"column":75}}},"fnMap":{"0":{"name":"updateBet","decl":{"start":{"line":5,"column":15},"end":{"line":5,"column":24}},"loc":{"start":{"line":5,"column":50},"end":{"line":12,"column":null}}},"1":{"name":"create","decl":{"start":{"line":14,"column":15},"end":{"line":14,"column":21}},"loc":{"start":{"line":14,"column":46},"end":{"line":39,"column":null}}},"2":{"name":"findByGameId","decl":{"start":{"line":41,"column":15},"end":{"line":41,"column":27}},"loc":{"start":{"line":41,"column":42},"end":{"line":49,"column":null}}},"3":{"name":"findParticipantAndGame","decl":{"start":{"line":51,"column":15},"end":{"line":51,"column":37}},"loc":{"start":{"line":51,"column":62},"end":{"line":60,"column":null}}},"4":{"name":"(anonymous_16)","decl":{"start":{"line":52,"column":35},"end":{"line":52,"column":44}},"loc":{"start":{"line":52,"column":46},"end":{"line":59,"column":4}}},"5":{"name":"(anonymous_17)","decl":{"start":{"line":52,"column":46},"end":{"line":52,"column":null}},"loc":{"start":{"line":52,"column":46},"end":{"line":59,"column":3}}}},"branchMap":{},"s":{"0":3,"1":3,"2":0,"3":1,"4":1,"5":1,"6":1,"7":1,"8":1,"9":1,"10":1,"11":1,"12":3},"f":{"0":0,"1":1,"2":1,"3":1,"4":1,"5":1},"b":{}}
,"/home/duan/personalProjects/gambling-api/src/repository/gamesRepository.ts": {"path":"/home/duan/personalProjects/gambling-api/src/repository/gamesRepository.ts","statementMap":{"0":{"start":{"line":1,"column":0},"end":{"line":1,"column":44}},"1":{"start":{"line":4,"column":18},"end":{"line":19,"column":4}},"2":{"start":{"line":21,"column":2},"end":{"line":21,"column":17}},"3":{"start":{"line":29,"column":23},"end":{"line":48,"column":4}},"4":{"start":{"line":50,"column":2},"end":{"line":50,"column":22}},"5":{"start":{"line":54,"column":16},"end":{"line":54,"column":44}},"6":{"start":{"line":56,"column":2},"end":{"line":56,"column":15}},"7":{"start":{"line":60,"column":15},"end":{"line":80,"column":4}},"8":{"start":{"line":82,"column":2},"end":{"line":82,"column":14}},"9":{"start":{"line":85,"column":0},"end":{"line":90,"column":2}}},"fnMap":{"0":{"name":"create","decl":{"start":{"line":3,"column":15},"end":{"line":3,"column":21}},"loc":{"start":{"line":3,"column":64},"end":{"line":22,"column":null}}},"1":{"name":"finish","decl":{"start":{"line":24,"column":15},"end":{"line":24,"column":21}},"loc":{"start":{"line":27,"column":16},"end":{"line":51,"column":null}}},"2":{"name":"findAll","decl":{"start":{"line":53,"column":15},"end":{"line":53,"column":22}},"loc":{"start":{"line":53,"column":22},"end":{"line":57,"column":null}}},"3":{"name":"findById","decl":{"start":{"line":59,"column":15},"end":{"line":59,"column":23}},"loc":{"start":{"line":59,"column":38},"end":{"line":83,"column":null}}}},"branchMap":{},"s":{"0":3,"1":1,"2":1,"3":1,"4":1,"5":2,"6":2,"7":10,"8":10,"9":3},"f":{"0":1,"1":1,"2":2,"3":10},"b":{}}
,"/home/duan/personalProjects/gambling-api/src/repository/participantsRepository.ts": {"path":"/home/duan/personalProjects/gambling-api/src/repository/participantsRepository.ts","statementMap":{"0":{"start":{"line":1,"column":0},"end":{"line":1,"column":44}},"1":{"start":{"line":4,"column":25},"end":{"line":16,"column":4}},"2":{"start":{"line":18,"column":2},"end":{"line":18,"column":24}},"3":{"start":{"line":22,"column":23},"end":{"line":22,"column":58}},"4":{"start":{"line":24,"column":2},"end":{"line":24,"column":22}},"5":{"start":{"line":28,"column":22},"end":{"line":32,"column":4}},"6":{"start":{"line":34,"column":2},"end":{"line":34,"column":21}},"7":{"start":{"line":38,"column":2},"end":{"line":47,"column":5}},"8":{"start":{"line":54,"column":2},"end":{"line":63,"column":5}},"9":{"start":{"line":66,"column":0},"end":{"line":72,"column":2}}},"fnMap":{"0":{"name":"create","decl":{"start":{"line":3,"column":15},"end":{"line":3,"column":21}},"loc":{"start":{"line":3,"column":51},"end":{"line":19,"column":null}}},"1":{"name":"findAll","decl":{"start":{"line":21,"column":15},"end":{"line":21,"column":22}},"loc":{"start":{"line":21,"column":22},"end":{"line":25,"column":null}}},"2":{"name":"findById","decl":{"start":{"line":27,"column":15},"end":{"line":27,"column":23}},"loc":{"start":{"line":27,"column":45},"end":{"line":35,"column":null}}},"3":{"name":"increaseBalance","decl":{"start":{"line":37,"column":15},"end":{"line":37,"column":30}},"loc":{"start":{"line":37,"column":73},"end":{"line":48,"column":null}}},"4":{"name":"decreaseBalance","decl":{"start":{"line":50,"column":15},"end":{"line":50,"column":30}},"loc":{"start":{"line":52,"column":26},"end":{"line":64,"column":null}}}},"branchMap":{},"s":{"0":3,"1":1,"2":1,"3":2,"4":2,"5":5,"6":5,"7":0,"8":1,"9":3},"f":{"0":1,"1":2,"2":5,"3":0,"4":1},"b":{}}
,"/home/duan/personalProjects/gambling-api/src/routes/betsRouter.ts": {"path":"/home/duan/personalProjects/gambling-api/src/routes/betsRouter.ts","statementMap":{"0":{"start":{"line":1,"column":0},"end":{"line":1,"column":33}},"1":{"start":{"line":2,"column":0},"end":{"line":2,"column":55}},"2":{"start":{"line":3,"column":0},"end":{"line":3,"column":62}},"3":{"start":{"line":4,"column":0},"end":{"line":4,"column":55}},"4":{"start":{"line":6,"column":19},"end":{"line":6,"column":27}},"5":{"start":{"line":8,"column":0},"end":{"line":8,"column":80}},"6":{"start":{"line":10,"column":0},"end":{"line":10,"column":26}}},"fnMap":{},"branchMap":{},"s":{"0":3,"1":3,"2":3,"3":3,"4":3,"5":3,"6":3},"f":{},"b":{}}
,"/home/duan/personalProjects/gambling-api/src/routes/gamesRouter.ts": {"path":"/home/duan/personalProjects/gambling-api/src/routes/gamesRouter.ts","statementMap":{"0":{"start":{"line":1,"column":0},"end":{"line":1,"column":33}},"1":{"start":{"line":2,"column":0},"end":{"line":2,"column":62}},"2":{"start":{"line":3,"column":0},"end":{"line":3,"column":72}},"3":{"start":{"line":4,"column":0},"end":{"line":4,"column":60}},"4":{"start":{"line":6,"column":20},"end":{"line":6,"column":28}},"5":{"start":{"line":8,"column":0},"end":{"line":12,"column":2}},"6":{"start":{"line":13,"column":0},"end":{"line":17,"column":2}},"7":{"start":{"line":18,"column":0},"end":{"line":18,"column":53}},"8":{"start":{"line":19,"column":0},"end":{"line":19,"column":47}},"9":{"start":{"line":21,"column":0},"end":{"line":21,"column":27}}},"fnMap":{},"branchMap":{},"s":{"0":3,"1":3,"2":3,"3":3,"4":3,"5":3,"6":3,"7":3,"8":3,"9":3},"f":{},"b":{}}
,"/home/duan/personalProjects/gambling-api/src/routes/index.ts": {"path":"/home/duan/personalProjects/gambling-api/src/routes/index.ts","statementMap":{"0":{"start":{"line":1,"column":0},"end":{"line":1,"column":33}},"1":{"start":{"line":2,"column":0},"end":{"line":2,"column":54}},"2":{"start":{"line":3,"column":0},"end":{"line":3,"column":40}},"3":{"start":{"line":4,"column":0},"end":{"line":4,"column":38}},"4":{"start":{"line":6,"column":15},"end":{"line":6,"column":23}},"5":{"start":{"line":8,"column":0},"end":{"line":11,"column":null}},"6":{"start":{"line":13,"column":0},"end":{"line":13,"column":22}}},"fnMap":{},"branchMap":{},"s":{"0":3,"1":3,"2":3,"3":3,"4":3,"5":3,"6":3},"f":{},"b":{}}
,"/home/duan/personalProjects/gambling-api/src/routes/participantsRouter.ts": {"path":"/home/duan/personalProjects/gambling-api/src/routes/participantsRouter.ts","statementMap":{"0":{"start":{"line":1,"column":0},"end":{"line":1,"column":33}},"1":{"start":{"line":2,"column":0},"end":{"line":2,"column":62}},"2":{"start":{"line":3,"column":0},"end":{"line":3,"column":71}},"3":{"start":{"line":4,"column":0},"end":{"line":4,"column":74}},"4":{"start":{"line":6,"column":27},"end":{"line":6,"column":35}},"5":{"start":{"line":8,"column":0},"end":{"line":12,"column":2}},"6":{"start":{"line":13,"column":0},"end":{"line":13,"column":68}},"7":{"start":{"line":15,"column":0},"end":{"line":15,"column":34}}},"fnMap":{},"branchMap":{},"s":{"0":3,"1":3,"2":3,"3":3,"4":3,"5":3,"6":3,"7":3},"f":{},"b":{}}
,"/home/duan/personalProjects/gambling-api/src/schemas/betSchema.ts": {"path":"/home/duan/personalProjects/gambling-api/src/schemas/betSchema.ts","statementMap":{"0":{"start":{"line":1,"column":0},"end":{"line":1,"column":22}},"1":{"start":{"line":4,"column":13},"end":{"line":10,"column":3}}},"fnMap":{},"branchMap":{},"s":{"0":4,"1":4},"f":{},"b":{}}
,"/home/duan/personalProjects/gambling-api/src/schemas/gameSchema.ts": {"path":"/home/duan/personalProjects/gambling-api/src/schemas/gameSchema.ts","statementMap":{"0":{"start":{"line":1,"column":0},"end":{"line":1,"column":22}},"1":{"start":{"line":4,"column":13},"end":{"line":15,"column":3}},"2":{"start":{"line":17,"column":13},"end":{"line":20,"column":3}}},"fnMap":{},"branchMap":{},"s":{"0":4,"1":4,"2":4},"f":{},"b":{}}
,"/home/duan/personalProjects/gambling-api/src/schemas/participantSchema.ts": {"path":"/home/duan/personalProjects/gambling-api/src/schemas/participantSchema.ts","statementMap":{"0":{"start":{"line":1,"column":0},"end":{"line":1,"column":22}},"1":{"start":{"line":4,"column":13},"end":{"line":11,"column":3}}},"fnMap":{},"branchMap":{},"s":{"0":4,"1":4},"f":{},"b":{}}
,"/home/duan/personalProjects/gambling-api/src/services/betsService.ts": {"path":"/home/duan/personalProjects/gambling-api/src/services/betsService.ts","statementMap":{"0":{"start":{"line":2,"column":0},"end":{"line":2,"column":74}},"1":{"start":{"line":3,"column":0},"end":{"line":3,"column":null}},"2":{"start":{"line":8,"column":0},"end":{"line":8,"column":60}},"3":{"start":{"line":9,"column":0},"end":{"line":9,"column":58}},"4":{"start":{"line":10,"column":0},"end":{"line":10,"column":56}},"5":{"start":{"line":14,"column":42},"end":{"line":17,"column":4}},"6":{"start":{"line":19,"column":2},"end":{"line":19,"column":63}},"7":{"start":{"line":19,"column":41},"end":{"line":19,"column":63}},"8":{"start":{"line":20,"column":2},"end":{"line":20,"column":76}},"9":{"start":{"line":20,"column":53},"end":{"line":20,"column":76}},"10":{"start":{"line":21,"column":2},"end":{"line":21,"column":63}},"11":{"start":{"line":21,"column":38},"end":{"line":21,"column":63}},"12":{"start":{"line":23,"column":2},"end":{"line":23,"column":56}},"13":{"start":{"line":27,"column":18},"end":{"line":27,"column":59}},"14":{"start":{"line":29,"column":2},"end":{"line":32,"column":3}},"15":{"start":{"line":30,"column":4},"end":{"line":30,"column":38}},"16":{"start":{"line":31,"column":4},"end":{"line":31,"column":11}},"17":{"start":{"line":34,"column":22},"end":{"line":36,"column":4}},"18":{"start":{"line":35,"column":4},"end":{"line":35,"column":78}},"19":{"start":{"line":38,"column":27},"end":{"line":40,"column":null}},"20":{"start":{"line":39,"column":18},"end":{"line":39,"column":37}},"21":{"start":{"line":43,"column":29},"end":{"line":45,"column":null}},"22":{"start":{"line":44,"column":18},"end":{"line":44,"column":37}},"23":{"start":{"line":48,"column":25},"end":{"line":68,"column":4}},"24":{"start":{"line":49,"column":25},"end":{"line":50,"column":null}},"25":{"start":{"line":50,"column":22},"end":{"line":50,"column":46}},"26":{"start":{"line":53,"column":23},"end":{"line":60,"column":6}},"27":{"start":{"line":62,"column":4},"end":{"line":67,"column":6}},"28":{"start":{"line":70,"column":22},"end":{"line":73,"column":null}},"29":{"start":{"line":72,"column":6},"end":{"line":72,"column":49}},"30":{"start":{"line":76,"column":18},"end":{"line":78,"column":74}},"31":{"start":{"line":77,"column":32},"end":{"line":77,"column":59}},"32":{"start":{"line":78,"column":44},"end":{"line":78,"column":72}},"33":{"start":{"line":80,"column":2},"end":{"line":80,"column":64}},"34":{"start":{"line":82,"column":2},"end":{"line":82,"column":21}},"35":{"start":{"line":85,"column":0},"end":{"line":88,"column":2}}},"fnMap":{"0":{"name":"postBet","decl":{"start":{"line":13,"column":15},"end":{"line":13,"column":22}},"loc":{"start":{"line":13,"column":47},"end":{"line":24,"column":null}}},"1":{"name":"updateBet","decl":{"start":{"line":26,"column":15},"end":{"line":26,"column":24}},"loc":{"start":{"line":26,"column":77},"end":{"line":83,"column":null}}},"2":{"name":"(anonymous_12)","decl":{"start":{"line":34,"column":37},"end":{"line":34,"column":38}},"loc":{"start":{"line":34,"column":45},"end":{"line":36,"column":3}}},"3":{"name":"(anonymous_13)","decl":{"start":{"line":39,"column":4},"end":{"line":39,"column":5}},"loc":{"start":{"line":39,"column":18},"end":{"line":39,"column":37}}},"4":{"name":"(anonymous_14)","decl":{"start":{"line":44,"column":4},"end":{"line":44,"column":5}},"loc":{"start":{"line":44,"column":18},"end":{"line":44,"column":37}}},"5":{"name":"(anonymous_15)","decl":{"start":{"line":48,"column":37},"end":{"line":48,"column":38}},"loc":{"start":{"line":48,"column":45},"end":{"line":68,"column":3}}},"6":{"name":"(anonymous_16)","decl":{"start":{"line":50,"column":6},"end":{"line":50,"column":7}},"loc":{"start":{"line":50,"column":22},"end":{"line":50,"column":46}}},"7":{"name":"(anonymous_17)","decl":{"start":{"line":71,"column":23},"end":{"line":71,"column":24}},"loc":{"start":{"line":72,"column":6},"end":{"line":72,"column":49}}},"8":{"name":"(anonymous_18)","decl":{"start":{"line":77,"column":12},"end":{"line":77,"column":13}},"loc":{"start":{"line":77,"column":32},"end":{"line":77,"column":59}}},"9":{"name":"(anonymous_19)","decl":{"start":{"line":78,"column":9},"end":{"line":78,"column":10}},"loc":{"start":{"line":78,"column":44},"end":{"line":78,"column":72}}}},"branchMap":{"0":{"loc":{"start":{"line":19,"column":2},"end":{"line":19,"column":63}},"type":"if","locations":[{"start":{"line":19,"column":2},"end":{"line":19,"column":63}}]},"1":{"loc":{"start":{"line":19,"column":6},"end":{"line":19,"column":39}},"type":"binary-expr","locations":[{"start":{"line":19,"column":6},"end":{"line":19,"column":24}},{"start":{"line":19,"column":28},"end":{"line":19,"column":39}}]},"2":{"loc":{"start":{"line":20,"column":2},"end":{"line":20,"column":76}},"type":"if","locations":[{"start":{"line":20,"column":2},"end":{"line":20,"column":76}}]},"3":{"loc":{"start":{"line":21,"column":2},"end":{"line":21,"column":63}},"type":"if","locations":[{"start":{"line":21,"column":2},"end":{"line":21,"column":63}}]},"4":{"loc":{"start":{"line":29,"column":2},"end":{"line":32,"column":3}},"type":"if","locations":[{"start":{"line":29,"column":2},"end":{"line":32,"column":3}}]},"5":{"loc":{"start":{"line":35,"column":11},"end":{"line":35,"column":77}},"type":"binary-expr","locations":[{"start":{"line":35,"column":11},"end":{"line":35,"column":42}},{"start":{"line":35,"column":46},"end":{"line":35,"column":77}}]},"6":{"loc":{"start":{"line":54,"column":14},"end":{"line":54,"column":43}},"type":"cond-expr","locations":[{"start":{"line":54,"column":29},"end":{"line":54,"column":34}},{"start":{"line":54,"column":37},"end":{"line":54,"column":43}}]},"7":{"loc":{"start":{"line":55,"column":17},"end":{"line":59,"column":11}},"type":"cond-expr","locations":[{"start":{"line":56,"column":10},"end":{"line":57,"column":null}},{"start":{"line":59,"column":10},"end":{"line":59,"column":11}}]}},"s":{"0":3,"1":3,"2":3,"3":3,"4":3,"5":5,"6":5,"7":2,"8":3,"9":1,"10":2,"11":1,"12":1,"13":1,"14":1,"15":1,"16":1,"17":0,"18":0,"19":0,"20":0,"21":0,"22":0,"23":0,"24":0,"25":0,"26":0,"27":0,"28":0,"29":0,"30":0,"31":0,"32":0,"33":0,"34":0,"35":3},"f":{"0":5,"1":1,"2":0,"3":0,"4":0,"5":0,"6":0,"7":0,"8":0,"9":0},"b":{"0":[2],"1":[5,4],"2":[1],"3":[1],"4":[1],"5":[0,0],"6":[0,0],"7":[0,0]}}
,"/home/duan/personalProjects/gambling-api/src/services/gamesService.ts": {"path":"/home/duan/personalProjects/gambling-api/src/services/gamesService.ts","statementMap":{"0":{"start":{"line":2,"column":0},"end":{"line":2,"column":60}},"1":{"start":{"line":3,"column":0},"end":{"line":3,"column":63}},"2":{"start":{"line":4,"column":0},"end":{"line":4,"column":40}},"3":{"start":{"line":7,"column":2},"end":{"line":7,"column":41}},"4":{"start":{"line":11,"column":15},"end":{"line":11,"column":49}},"5":{"start":{"line":12,"column":2},"end":{"line":12,"column":35}},"6":{"start":{"line":12,"column":13},"end":{"line":12,"column":35}},"7":{"start":{"line":13,"column":2},"end":{"line":13,"column":14}},"8":{"start":{"line":20,"column":2},"end":{"line":20,"column":66}},"9":{"start":{"line":28,"column":21},"end":{"line":28,"column":55}},"10":{"start":{"line":29,"column":2},"end":{"line":29,"column":41}},"11":{"start":{"line":29,"column":19},"end":{"line":29,"column":41}},"12":{"start":{"line":30,"column":2},"end":{"line":30,"column":60}},"13":{"start":{"line":30,"column":38},"end":{"line":30,"column":60}},"14":{"start":{"line":31,"column":2},"end":{"line":31,"column":64}},"15":{"start":{"line":32,"column":2},"end":{"line":32,"column":72}},"16":{"start":{"line":35,"column":0},"end":{"line":40,"column":2}}},"fnMap":{"0":{"name":"getAllGames","decl":{"start":{"line":6,"column":15},"end":{"line":6,"column":26}},"loc":{"start":{"line":6,"column":26},"end":{"line":8,"column":null}}},"1":{"name":"getSpecificGame","decl":{"start":{"line":10,"column":15},"end":{"line":10,"column":30}},"loc":{"start":{"line":10,"column":41},"end":{"line":14,"column":null}}},"2":{"name":"postGame","decl":{"start":{"line":16,"column":15},"end":{"line":16,"column":23}},"loc":{"start":{"line":18,"column":22},"end":{"line":21,"column":null}}},"3":{"name":"endGame","decl":{"start":{"line":23,"column":15},"end":{"line":23,"column":22}},"loc":{"start":{"line":26,"column":12},"end":{"line":33,"column":null}}}},"branchMap":{"0":{"loc":{"start":{"line":12,"column":2},"end":{"line":12,"column":35}},"type":"if","locations":[{"start":{"line":12,"column":2},"end":{"line":12,"column":35}}]},"1":{"loc":{"start":{"line":29,"column":2},"end":{"line":29,"column":41}},"type":"if","locations":[{"start":{"line":29,"column":2},"end":{"line":29,"column":41}}]},"2":{"loc":{"start":{"line":30,"column":2},"end":{"line":30,"column":60}},"type":"if","locations":[{"start":{"line":30,"column":2},"end":{"line":30,"column":60}}]}},"s":{"0":3,"1":3,"2":3,"3":2,"4":2,"5":2,"6":1,"7":1,"8":1,"9":3,"10":3,"11":1,"12":2,"13":1,"14":1,"15":1,"16":3},"f":{"0":2,"1":2,"2":1,"3":3},"b":{"0":[1],"1":[1],"2":[1]}}
,"/home/duan/personalProjects/gambling-api/src/services/participantsService.ts": {"path":"/home/duan/personalProjects/gambling-api/src/services/participantsService.ts","statementMap":{"0":{"start":{"line":2,"column":0},"end":{"line":2,"column":74}},"1":{"start":{"line":5,"column":2},"end":{"line":5,"column":48}},"2":{"start":{"line":12,"column":2},"end":{"line":12,"column":60}},"3":{"start":{"line":18,"column":57},"end":{"line":18,"column":59}},"4":{"start":{"line":19,"column":2},"end":{"line":22,"column":5}},"5":{"start":{"line":20,"column":23},"end":{"line":20,"column":36}},"6":{"start":{"line":21,"column":4},"end":{"line":21,"column":73}},"7":{"start":{"line":24,"column":44},"end":{"line":30,"column":null}},"8":{"start":{"line":27,"column":4},"end":{"line":29,"column":null}},"9":{"start":{"line":33,"column":2},"end":{"line":33,"column":55}},"10":{"start":{"line":36,"column":0},"end":{"line":40,"column":2}}},"fnMap":{"0":{"name":"getAllParticipants","decl":{"start":{"line":4,"column":15},"end":{"line":4,"column":33}},"loc":{"start":{"line":4,"column":33},"end":{"line":6,"column":null}}},"1":{"name":"postParticipant","decl":{"start":{"line":8,"column":15},"end":{"line":8,"column":30}},"loc":{"start":{"line":10,"column":17},"end":{"line":13,"column":null}}},"2":{"name":"updateParticipantsBalances","decl":{"start":{"line":15,"column":15},"end":{"line":15,"column":41}},"loc":{"start":{"line":16,"column":57},"end":{"line":34,"column":null}}},"3":{"name":"(anonymous_14)","decl":{"start":{"line":19,"column":18},"end":{"line":19,"column":19}},"loc":{"start":{"line":19,"column":51},"end":{"line":22,"column":3}}},"4":{"name":"(anonymous_15)","decl":{"start":{"line":26,"column":8},"end":{"line":26,"column":9}},"loc":{"start":{"line":27,"column":4},"end":{"line":29,"column":null}}}},"branchMap":{"0":{"loc":{"start":{"line":21,"column":31},"end":{"line":21,"column":59}},"type":"binary-expr","locations":[{"start":{"line":21,"column":31},"end":{"line":21,"column":54}},{"start":{"line":21,"column":58},"end":{"line":21,"column":59}}]}},"s":{"0":3,"1":2,"2":1,"3":0,"4":0,"5":0,"6":0,"7":0,"8":0,"9":0,"10":3},"f":{"0":2,"1":1,"2":0,"3":0,"4":0},"b":{"0":[0,0]}}
}
