TN:
SF:src/app.ts
FN:15,init
FN:20,close
FNF:2
FNH:1
FNDA:3,init
FNDA:0,close
DA:1,3
DA:2,3
DA:3,3
DA:4,3
DA:5,3
DA:7,3
DA:8,3
DA:15,3
DA:16,3
DA:17,3
DA:20,3
DA:21,0
DA:24,3
LF:13
LH:12
BRF:0
BRH:0
end_of_record
TN:
SF:src/server.ts
FN:5,(anonymous_6)
FN:6,(anonymous_7)
FNF:2
FNH:0
FNDA:0,(anonymous_6)
FNDA:0,(anonymous_7)
DA:1,0
DA:3,0
DA:5,0
DA:6,0
DA:7,0
LF:5
LH:0
BRDA:3,0,0,0
BRDA:3,0,1,0
BRF:2
BRH:0
end_of_record
TN:
SF:src/config/database.ts
FN:4,connectDb
FN:8,disconnectDB
FNF:2
FNH:1
FNDA:3,connectDb
FNDA:0,disconnectDB
DA:1,3
DA:4,3
DA:5,3
DA:8,3
DA:9,0
LF:5
LH:4
BRDA:9,0,0,0
BRDA:9,0,1,0
BRDA:9,1,0,0
BRDA:9,1,1,0
BRF:4
BRH:0
end_of_record
TN:
SF:src/controller/betsController.ts
FN:5,createBet
FNF:1
FNH:1
FNDA:5,createBet
DA:2,3
DA:6,5
DA:7,5
DA:8,5
DA:9,1
DA:11,4
DA:15,3
LF:7
LH:7
BRF:0
BRH:0
end_of_record
TN:
SF:src/controller/gamesController.ts
FN:6,getGames
FN:15,getGameById
FN:26,createGame
FN:36,finishGame
FNF:4
FNH:4
FNDA:2,getGames
FNDA:3,getGameById
FNDA:1,createGame
FNDA:4,finishGame
DA:2,3
DA:3,3
DA:7,2
DA:8,2
DA:9,2
DA:11,0
DA:16,3
DA:17,3
DA:18,2
DA:19,2
DA:20,1
DA:22,2
DA:27,1
DA:28,1
DA:29,1
DA:30,1
DA:32,0
DA:37,4
DA:38,4
DA:39,3
DA:40,3
DA:41,3
DA:46,1
DA:48,3
DA:52,3
LF:25
LH:23
BRDA:17,0,0,1
BRDA:38,1,0,1
BRF:2
BRH:2
end_of_record
TN:
SF:src/controller/participantsController.ts
FN:5,getParticipants
FN:18,createParticipant
FNF:2
FNH:2
FNDA:2,getParticipants
FNDA:1,createParticipant
DA:2,3
DA:10,2
DA:11,2
DA:12,2
DA:14,0
DA:23,1
DA:24,1
DA:25,1
DA:29,1
DA:31,0
DA:35,3
LF:11
LH:9
BRF:0
BRH:0
end_of_record
TN:
SF:src/errors/index.ts
FN:1,validationError
FN:8,badRequestError
FN:15,conflictError
FN:22,notFoundError
FN:29,amountBetError
FN:36,invalidGameError
FNF:6
FNH:6
FNDA:8,validationError
FNDA:2,badRequestError
FNDA:1,conflictError
FNDA:4,notFoundError
FNDA:1,amountBetError
FNDA:1,invalidGameError
DA:1,3
DA:2,8
DA:8,3
DA:9,2
DA:15,3
DA:16,1
DA:22,3
DA:23,4
DA:29,3
DA:30,1
DA:36,3
DA:37,1
LF:12
LH:12
BRF:0
BRH:0
end_of_record
TN:
SF:src/middleware/errorHandlingMiddleware.ts
FN:12,sendErrorResponse
FN:16,handleApplicationErrors
FNF:2
FNH:2
FNDA:17,sendErrorResponse
FNDA:17,handleApplicationErrors
DA:3,3
DA:13,17
DA:16,3
DA:22,17
DA:23,17
LF:5
LH:5
BRDA:22,0,0,17
BRDA:22,0,1,0
BRF:2
BRH:1
end_of_record
TN:
SF:src/middleware/validateSchema.ts
FN:5,validateSchema
FN:6,(anonymous_1)
FNF:2
FNH:2
FNDA:12,validateSchema
FNDA:19,(anonymous_1)
DA:2,3
DA:5,3
DA:6,12
DA:7,19
DA:9,19
DA:10,8
DA:12,11
LF:7
LH:7
BRDA:9,0,0,8
BRDA:9,0,1,11
BRF:2
BRH:2
end_of_record
TN:
SF:src/repository/betsRepository.ts
FN:5,updateBet
FN:14,create
FN:41,findByGameId
FN:51,findParticipantAndGame
FN:52,(anonymous_16)
FN:52,(anonymous_17)
FNF:6
FNH:5
FNDA:0,updateBet
FNDA:1,create
FNDA:1,findByGameId
FNDA:1,findParticipantAndGame
FNDA:1,(anonymous_16)
FNDA:1,(anonymous_17)
DA:1,3
DA:3,3
DA:6,0
DA:15,1
DA:38,1
DA:42,1
DA:48,1
DA:52,1
DA:53,1
DA:57,1
DA:58,1
DA:62,3
LF:12
LH:11
BRF:0
BRH:0
end_of_record
TN:
SF:src/repository/gamesRepository.ts
FN:4,create
FN:25,finish
FN:54,findAll
FN:60,findById
FN:86,transactionForEndGame
FN:91,(anonymous_18)
FN:91,(anonymous_19)
FNF:7
FNH:7
FNDA:1,create
FNDA:1,finish
FNDA:2,findAll
FNDA:10,findById
FNDA:1,transactionForEndGame
FNDA:1,(anonymous_18)
FNDA:1,(anonymous_19)
DA:1,3
DA:2,3
DA:5,1
DA:22,1
DA:30,1
DA:51,1
DA:55,2
DA:57,2
DA:61,10
DA:83,10
DA:91,1
DA:92,1
DA:93,1
DA:97,3
LF:14
LH:14
BRF:0
BRH:0
end_of_record
TN:
SF:src/repository/participantsRepository.ts
FN:3,create
FN:21,findAll
FN:27,findById
FN:37,increaseBalance
FN:50,decreaseBalance
FNF:5
FNH:4
FNDA:1,create
FNDA:2,findAll
FNDA:5,findById
FNDA:0,increaseBalance
FNDA:1,decreaseBalance
DA:1,3
DA:4,1
DA:18,1
DA:22,2
DA:24,2
DA:28,5
DA:34,5
DA:38,0
DA:54,1
DA:66,3
LF:10
LH:9
BRF:0
BRH:0
end_of_record
TN:
SF:src/routes/betsRouter.ts
FNF:0
FNH:0
DA:1,3
DA:2,3
DA:3,3
DA:4,3
DA:6,3
DA:8,3
DA:10,3
LF:7
LH:7
BRF:0
BRH:0
end_of_record
TN:
SF:src/routes/gamesRouter.ts
FNF:0
FNH:0
DA:1,3
DA:2,3
DA:3,3
DA:4,3
DA:6,3
DA:8,3
DA:13,3
DA:18,3
DA:19,3
DA:21,3
LF:10
LH:10
BRF:0
BRH:0
end_of_record
TN:
SF:src/routes/index.ts
FNF:0
FNH:0
DA:1,3
DA:2,3
DA:3,3
DA:4,3
DA:6,3
DA:8,3
DA:13,3
LF:7
LH:7
BRF:0
BRH:0
end_of_record
TN:
SF:src/routes/participantsRouter.ts
FNF:0
FNH:0
DA:1,3
DA:2,3
DA:3,3
DA:4,3
DA:6,3
DA:8,3
DA:13,3
DA:15,3
LF:8
LH:8
BRF:0
BRH:0
end_of_record
TN:
SF:src/schemas/betSchema.ts
FNF:0
FNH:0
DA:1,4
DA:4,4
LF:2
LH:2
BRF:0
BRH:0
end_of_record
TN:
SF:src/schemas/gameSchema.ts
FNF:0
FNH:0
DA:1,4
DA:4,4
DA:17,4
LF:3
LH:3
BRF:0
BRH:0
end_of_record
TN:
SF:src/schemas/participantSchema.ts
FNF:0
FNH:0
DA:1,4
DA:4,4
LF:2
LH:2
BRF:0
BRH:0
end_of_record
TN:
SF:src/services/betsService.ts
FN:13,postBet
FN:26,updateBet
FN:34,(anonymous_12)
FN:39,(anonymous_13)
FN:44,(anonymous_14)
FN:48,(anonymous_15)
FN:50,(anonymous_16)
FN:71,(anonymous_17)
FN:77,(anonymous_18)
FN:78,(anonymous_19)
FNF:10
FNH:2
FNDA:5,postBet
FNDA:1,updateBet
FNDA:0,(anonymous_12)
FNDA:0,(anonymous_13)
FNDA:0,(anonymous_14)
FNDA:0,(anonymous_15)
FNDA:0,(anonymous_16)
FNDA:0,(anonymous_17)
FNDA:0,(anonymous_18)
FNDA:0,(anonymous_19)
DA:2,3
DA:3,3
DA:8,3
DA:9,3
DA:10,3
DA:14,5
DA:19,5
DA:20,3
DA:21,2
DA:23,1
DA:27,1
DA:29,1
DA:30,1
DA:31,1
DA:34,0
DA:35,0
DA:38,0
DA:39,0
DA:43,0
DA:44,0
DA:48,0
DA:49,0
DA:50,0
DA:53,0
DA:62,0
DA:70,0
DA:72,0
DA:76,0
DA:77,0
DA:78,0
DA:80,0
DA:82,0
DA:85,3
LF:33
LH:15
BRDA:19,0,0,2
BRDA:19,1,0,5
BRDA:19,1,1,4
BRDA:20,2,0,1
BRDA:21,3,0,1
BRDA:29,4,0,1
BRDA:35,5,0,0
BRDA:35,5,1,0
BRDA:54,6,0,0
BRDA:54,6,1,0
BRDA:55,7,0,0
BRDA:55,7,1,0
BRF:12
BRH:6
end_of_record
TN:
SF:src/services/gamesService.ts
FN:5,getAllGames
FN:9,getSpecificGame
FN:15,postGame
FN:22,endGame
FNF:4
FNH:4
FNDA:2,getAllGames
FNDA:2,getSpecificGame
FNDA:1,postGame
FNDA:3,endGame
DA:2,3
DA:3,3
DA:6,2
DA:10,2
DA:11,2
DA:12,1
DA:19,1
DA:27,3
DA:28,3
DA:29,2
DA:30,1
DA:37,3
LF:12
LH:12
BRDA:11,0,0,1
BRDA:28,1,0,1
BRDA:29,2,0,1
BRF:3
BRH:3
end_of_record
TN:
SF:src/services/participantsService.ts
FN:4,getAllParticipants
FN:8,postParticipant
FN:15,updateParticipantsBalances
FN:19,(anonymous_14)
FN:26,(anonymous_15)
FNF:5
FNH:2
FNDA:2,getAllParticipants
FNDA:1,postParticipant
FNDA:0,updateParticipantsBalances
FNDA:0,(anonymous_14)
FNDA:0,(anonymous_15)
DA:2,3
DA:5,2
DA:12,1
DA:18,0
DA:19,0
DA:20,0
DA:21,0
DA:24,0
DA:27,0
DA:33,0
DA:36,3
LF:11
LH:4
BRDA:21,0,0,0
BRDA:21,0,1,0
BRF:2
BRH:0
end_of_record
